<?xml version="1.0" encoding="UTF-8"?>
<!-- Generated by org.testng.reporters.JUnitReportReporter -->
<testsuite hostname="DESKTOP-IP7TE20" failures="0" tests="1" name="testCases.TC_002_Verify_Logo_is_Displayed" time="1.608" errors="0" timestamp="2024-10-31T08:32:36 GMT-07:00" skipped="0">
  <testcase classname="testCases.TC_002_Verify_Logo_is_Displayed" name="Verify_Logo_is_Displayed" time="1.608"/>
  <system-out/>
</testsuite> <!-- testCases.TC_002_Verify_Logo_is_Displayed -->
