<?xml version="1.0" encoding="UTF-8"?>
<!-- Generated by org.testng.reporters.JUnitReportReporter -->
<testsuite hostname="DESKTOP-IP7TE20" failures="0" tests="1" name="testCases.TC_003_Verify_Compund_Interest_Calculator" time="92.843" errors="0" timestamp="2024-10-31T08:32:36 GMT-07:00" skipped="0">
  <testcase classname="testCases.TC_003_Verify_Compund_Interest_Calculator" name="Verify_Compund_Interest_Calculator" time="92.843"/>
  <system-out/>
</testsuite> <!-- testCases.TC_003_Verify_Compund_Interest_Calculator -->
